This file contains any messages produced by compilers while
running configure, to aid debugging if configure makes a mistake.

It was created by dvisvgm configure 0.4.2, which was
generated by GNU Autoconf 2.59.  Invocation command line was

  $ ./configure 

## --------- ##
## Platform. ##
## --------- ##

hostname = rhum
uname -m = i686
uname -r = 2.6.16-1.2069_FC4
uname -s = Linux
uname -v = #1 Tue Mar 28 12:19:10 EST 2006

/usr/bin/uname -p = unknown
/bin/uname -X     = unknown

/bin/arch              = i686
/usr/bin/arch -k       = unknown
/usr/convex/getsysinfo = unknown
hostinfo               = unknown
/bin/machine           = unknown
/usr/bin/oslevel       = unknown
/bin/universe          = unknown

PATH: /usr/kerberos/bin
PATH: /usr/local/bin
PATH: /usr/bin
PATH: /bin
PATH: /usr/X11R6/bin
PATH: /usr/games
PATH: /usr/java/j2sdk1.4.1_01/bin
PATH: /home/mgieseki/bin


## ----------- ##
## Core tests. ##
## ----------- ##

configure:1379: checking for a BSD-compatible install
configure:1434: result: /usr/bin/install -c
configure:1445: checking whether build environment is sane
configure:1488: result: yes
configure:1553: checking for gawk
configure:1569: found /usr/bin/gawk
configure:1579: result: gawk
configure:1589: checking whether make sets $(MAKE)
configure:1609: result: yes
configure:1831: checking for g++
configure:1847: found /usr/bin/g++
configure:1857: result: g++
configure:1873: checking for C++ compiler version
configure:1876: g++ --version </dev/null >&5
g++ (GCC) 4.0.2 20051125 (Red Hat 4.0.2-8)
Copyright (C) 2005 Free Software Foundation, Inc.
This is free software; see the source for copying conditions.  There is NO
warranty; not even for MERCHANTABILITY or FITNESS FOR A PARTICULAR PURPOSE.

configure:1879: $? = 0
configure:1881: g++ -v </dev/null >&5
Using built-in specs.
Target: i386-redhat-linux
Configured with: ../configure --prefix=/usr --mandir=/usr/share/man --infodir=/usr/share/info --enable-shared --enable-threads=posix --enable-checking=release --with-system-zlib --enable-__cxa_atexit --disable-libunwind-exceptions --enable-libgcj-multifile --enable-languages=c,c++,objc,java,f95,ada --enable-java-awt=gtk --with-java-home=/usr/lib/jvm/java-1.4.2-gcj-1.4.2.0/jre --host=i386-redhat-linux
Thread model: posix
gcc version 4.0.2 20051125 (Red Hat 4.0.2-8)
configure:1884: $? = 0
configure:1886: g++ -V </dev/null >&5
g++: '-V' option must have argument
configure:1889: $? = 1
configure:1912: checking for C++ compiler default output file name
configure:1915: g++    conftest.cc  >&5
configure:1918: $? = 0
configure:1964: result: a.out
configure:1969: checking whether the C++ compiler works
configure:1975: ./a.out
configure:1978: $? = 0
configure:1995: result: yes
configure:2002: checking whether we are cross compiling
configure:2004: result: no
configure:2007: checking for suffix of executables
configure:2009: g++ -o conftest    conftest.cc  >&5
configure:2012: $? = 0
configure:2037: result: 
configure:2043: checking for suffix of object files
configure:2064: g++ -c   conftest.cc >&5
configure:2067: $? = 0
configure:2089: result: o
configure:2093: checking whether we are using the GNU C++ compiler
configure:2117: g++ -c   conftest.cc >&5
configure:2123: $? = 0
configure:2127: test -z 
			 || test ! -s conftest.err
configure:2130: $? = 0
configure:2133: test -s conftest.o
configure:2136: $? = 0
configure:2149: result: yes
configure:2155: checking whether g++ accepts -g
configure:2176: g++ -c -g  conftest.cc >&5
configure:2182: $? = 0
configure:2186: test -z 
			 || test ! -s conftest.err
configure:2189: $? = 0
configure:2192: test -s conftest.o
configure:2195: $? = 0
configure:2206: result: yes
configure:2248: g++ -c -g -O2  conftest.cc >&5
configure:2254: $? = 0
configure:2258: test -z 
			 || test ! -s conftest.err
configure:2261: $? = 0
configure:2264: test -s conftest.o
configure:2267: $? = 0
configure:2293: g++ -c -g -O2  conftest.cc >&5
conftest.cc: In function 'int main()':
conftest.cc:15: error: 'exit' was not declared in this scope
configure:2299: $? = 1
configure: failed program was:
| /* confdefs.h.  */
| 
| #define PACKAGE_NAME "dvisvgm"
| #define PACKAGE_TARNAME "dvisvgm"
| #define PACKAGE_VERSION "0.4.2"
| #define PACKAGE_STRING "dvisvgm 0.4.2"
| #define PACKAGE_BUGREPORT "martin.gieseking@uos.de"
| #define PACKAGE "dvisvgm"
| #define VERSION "0.4.2"
| /* end confdefs.h.  */
| 
| int
| main ()
| {
| exit (42);
|   ;
|   return 0;
| }
configure:2248: g++ -c -g -O2  conftest.cc >&5
configure:2254: $? = 0
configure:2258: test -z 
			 || test ! -s conftest.err
configure:2261: $? = 0
configure:2264: test -s conftest.o
configure:2267: $? = 0
configure:2293: g++ -c -g -O2  conftest.cc >&5
configure:2299: $? = 0
configure:2303: test -z 
			 || test ! -s conftest.err
configure:2306: $? = 0
configure:2309: test -s conftest.o
configure:2312: $? = 0
configure:2346: checking for style of include used by make
configure:2374: result: GNU
configure:2402: checking dependency style of g++
configure:2492: result: gcc3
configure:2555: checking for gcc
configure:2571: found /usr/bin/gcc
configure:2581: result: gcc
configure:2825: checking for C compiler version
configure:2828: gcc --version </dev/null >&5
gcc (GCC) 4.0.2 20051125 (Red Hat 4.0.2-8)
Copyright (C) 2005 Free Software Foundation, Inc.
This is free software; see the source for copying conditions.  There is NO
warranty; not even for MERCHANTABILITY or FITNESS FOR A PARTICULAR PURPOSE.

configure:2831: $? = 0
configure:2833: gcc -v </dev/null >&5
Using built-in specs.
Target: i386-redhat-linux
Configured with: ../configure --prefix=/usr --mandir=/usr/share/man --infodir=/usr/share/info --enable-shared --enable-threads=posix --enable-checking=release --with-system-zlib --enable-__cxa_atexit --disable-libunwind-exceptions --enable-libgcj-multifile --enable-languages=c,c++,objc,java,f95,ada --enable-java-awt=gtk --with-java-home=/usr/lib/jvm/java-1.4.2-gcj-1.4.2.0/jre --host=i386-redhat-linux
Thread model: posix
gcc version 4.0.2 20051125 (Red Hat 4.0.2-8)
configure:2836: $? = 0
configure:2838: gcc -V </dev/null >&5
gcc: '-V' option must have argument
configure:2841: $? = 1
configure:2844: checking whether we are using the GNU C compiler
configure:2868: gcc -c   conftest.c >&5
configure:2874: $? = 0
configure:2878: test -z 
			 || test ! -s conftest.err
configure:2881: $? = 0
configure:2884: test -s conftest.o
configure:2887: $? = 0
configure:2900: result: yes
configure:2906: checking whether gcc accepts -g
configure:2927: gcc -c -g  conftest.c >&5
configure:2933: $? = 0
configure:2937: test -z 
			 || test ! -s conftest.err
configure:2940: $? = 0
configure:2943: test -s conftest.o
configure:2946: $? = 0
configure:2957: result: yes
configure:2974: checking for gcc option to accept ANSI C
configure:3044: gcc  -c -g -O2  conftest.c >&5
configure:3050: $? = 0
configure:3054: test -z 
			 || test ! -s conftest.err
configure:3057: $? = 0
configure:3060: test -s conftest.o
configure:3063: $? = 0
configure:3081: result: none needed
configure:3099: gcc -c -g -O2  conftest.c >&5
conftest.c:2: error: syntax error before 'me'
configure:3105: $? = 1
configure: failed program was:
| #ifndef __cplusplus
|   choke me
| #endif
configure:3240: checking dependency style of gcc
configure:3330: result: gcc3
configure:3389: checking for ranlib
configure:3405: found /usr/bin/ranlib
configure:3416: result: ranlib
configure:3436: checking build system type
configure:3454: result: i686-pc-linux-gnu
configure:3462: checking host system type
configure:3476: result: i686-pc-linux-gnu
configure:3492: checking for kpse_find_file in -lkpathsea
configure:3522: gcc -o conftest -g -O2   conftest.c -lkpathsea   >&5
configure:3528: $? = 0
configure:3532: test -z 
			 || test ! -s conftest.err
configure:3535: $? = 0
configure:3538: test -s conftest
configure:3541: $? = 0
configure:3554: result: yes
configure:3570: checking for FT_Init_FreeType in -lfreetype
configure:3600: gcc -o conftest -g -O2   conftest.c -lfreetype  -lkpathsea  >&5
configure:3606: $? = 0
configure:3610: test -z 
			 || test ! -s conftest.err
configure:3613: $? = 0
configure:3616: test -s conftest
configure:3619: $? = 0
configure:3632: result: yes
configure:3644: checking for sqrt in -lm
configure:3674: gcc -o conftest -g -O2   conftest.c -lm  -lfreetype -lkpathsea  >&5
conftest.c:23: warning: conflicting types for built-in function 'sqrt'
configure:3680: $? = 0
configure:3684: test -z 
			 || test ! -s conftest.err
configure:3687: $? = 0
configure:3690: test -s conftest
configure:3693: $? = 0
configure:3706: result: yes
configure:3718: checking for potrace_trace in -lpotrace
configure:3748: gcc -o conftest -g -O2   conftest.c -lpotrace  -lm -lfreetype -lkpathsea  >&5
configure:3754: $? = 0
configure:3758: test -z 
			 || test ! -s conftest.err
configure:3761: $? = 0
configure:3764: test -s conftest
configure:3767: $? = 0
configure:3780: result: yes
configure:3792: checking for gzopen in -lz
configure:3822: gcc -o conftest -g -O2   conftest.c -lz  -lpotrace -lm -lfreetype -lkpathsea  >&5
configure:3828: $? = 0
configure:3832: test -z 
			 || test ! -s conftest.err
configure:3835: $? = 0
configure:3838: test -s conftest
configure:3841: $? = 0
configure:3854: result: yes
configure:3865: checking for getopt_long
configure:3922: gcc -o conftest -g -O2   conftest.c -lz -lpotrace -lm -lfreetype -lkpathsea  >&5
configure:3928: $? = 0
configure:3932: test -z 
			 || test ! -s conftest.err
configure:3935: $? = 0
configure:3938: test -s conftest
configure:3941: $? = 0
configure:3953: result: yes
configure:3971: checking for dirent.h that defines DIR
configure:3995: gcc -c -g -O2  conftest.c >&5
configure:4001: $? = 0
configure:4005: test -z 
			 || test ! -s conftest.err
configure:4008: $? = 0
configure:4011: test -s conftest.o
configure:4014: $? = 0
configure:4025: result: yes
configure:4038: checking for library containing opendir
configure:4068: gcc -o conftest -g -O2   conftest.c -lz -lpotrace -lm -lfreetype -lkpathsea  >&5
configure:4074: $? = 0
configure:4078: test -z 
			 || test ! -s conftest.err
configure:4081: $? = 0
configure:4084: test -s conftest
configure:4087: $? = 0
configure:4157: result: none required
configure:4298: checking how to run the C preprocessor
configure:4333: gcc -E  conftest.c
configure:4339: $? = 0
configure:4371: gcc -E  conftest.c
conftest.c:20:28: error: ac_nonexistent.h: No such file or directory
configure:4377: $? = 1
configure: failed program was:
| /* confdefs.h.  */
| 
| #define PACKAGE_NAME "dvisvgm"
| #define PACKAGE_TARNAME "dvisvgm"
| #define PACKAGE_VERSION "0.4.2"
| #define PACKAGE_STRING "dvisvgm 0.4.2"
| #define PACKAGE_BUGREPORT "martin.gieseking@uos.de"
| #define PACKAGE "dvisvgm"
| #define VERSION "0.4.2"
| #ifdef __cplusplus
| extern "C" void std::exit (int) throw (); using std::exit;
| #endif
| #define HAVE_LIBKPATHSEA 1
| #define HAVE_LIBFREETYPE 1
| #define HAVE_LIBM 1
| #define HAVE_LIBPOTRACE 1
| #define HAVE_LIBZ 1
| #define HAVE_DIRENT_H 1
| /* end confdefs.h.  */
| #include <ac_nonexistent.h>
configure:4416: result: gcc -E
configure:4440: gcc -E  conftest.c
configure:4446: $? = 0
configure:4478: gcc -E  conftest.c
conftest.c:20:28: error: ac_nonexistent.h: No such file or directory
configure:4484: $? = 1
configure: failed program was:
| /* confdefs.h.  */
| 
| #define PACKAGE_NAME "dvisvgm"
| #define PACKAGE_TARNAME "dvisvgm"
| #define PACKAGE_VERSION "0.4.2"
| #define PACKAGE_STRING "dvisvgm 0.4.2"
| #define PACKAGE_BUGREPORT "martin.gieseking@uos.de"
| #define PACKAGE "dvisvgm"
| #define VERSION "0.4.2"
| #ifdef __cplusplus
| extern "C" void std::exit (int) throw (); using std::exit;
| #endif
| #define HAVE_LIBKPATHSEA 1
| #define HAVE_LIBFREETYPE 1
| #define HAVE_LIBM 1
| #define HAVE_LIBPOTRACE 1
| #define HAVE_LIBZ 1
| #define HAVE_DIRENT_H 1
| /* end confdefs.h.  */
| #include <ac_nonexistent.h>
configure:4528: checking for egrep
configure:4538: result: grep -E
configure:4543: checking for ANSI C header files
configure:4568: gcc -c -g -O2  conftest.c >&5
configure:4574: $? = 0
configure:4578: test -z 
			 || test ! -s conftest.err
configure:4581: $? = 0
configure:4584: test -s conftest.o
configure:4587: $? = 0
configure:4676: gcc -o conftest -g -O2   conftest.c -lz -lpotrace -lm -lfreetype -lkpathsea  >&5
conftest.c: In function 'main':
conftest.c:37: warning: incompatible implicit declaration of built-in function 'exit'
configure:4679: $? = 0
configure:4681: ./conftest
configure:4684: $? = 0
configure:4699: result: yes
configure:4723: checking for sys/types.h
configure:4739: gcc -c -g -O2  conftest.c >&5
configure:4745: $? = 0
configure:4749: test -z 
			 || test ! -s conftest.err
configure:4752: $? = 0
configure:4755: test -s conftest.o
configure:4758: $? = 0
configure:4769: result: yes
configure:4723: checking for sys/stat.h
configure:4739: gcc -c -g -O2  conftest.c >&5
configure:4745: $? = 0
configure:4749: test -z 
			 || test ! -s conftest.err
configure:4752: $? = 0
configure:4755: test -s conftest.o
configure:4758: $? = 0
configure:4769: result: yes
configure:4723: checking for stdlib.h
configure:4739: gcc -c -g -O2  conftest.c >&5
configure:4745: $? = 0
configure:4749: test -z 
			 || test ! -s conftest.err
configure:4752: $? = 0
configure:4755: test -s conftest.o
configure:4758: $? = 0
configure:4769: result: yes
configure:4723: checking for string.h
configure:4739: gcc -c -g -O2  conftest.c >&5
configure:4745: $? = 0
configure:4749: test -z 
			 || test ! -s conftest.err
configure:4752: $? = 0
configure:4755: test -s conftest.o
configure:4758: $? = 0
configure:4769: result: yes
configure:4723: checking for memory.h
configure:4739: gcc -c -g -O2  conftest.c >&5
configure:4745: $? = 0
configure:4749: test -z 
			 || test ! -s conftest.err
configure:4752: $? = 0
configure:4755: test -s conftest.o
configure:4758: $? = 0
configure:4769: result: yes
configure:4723: checking for strings.h
configure:4739: gcc -c -g -O2  conftest.c >&5
configure:4745: $? = 0
configure:4749: test -z 
			 || test ! -s conftest.err
configure:4752: $? = 0
configure:4755: test -s conftest.o
configure:4758: $? = 0
configure:4769: result: yes
configure:4723: checking for inttypes.h
configure:4739: gcc -c -g -O2  conftest.c >&5
configure:4745: $? = 0
configure:4749: test -z 
			 || test ! -s conftest.err
configure:4752: $? = 0
configure:4755: test -s conftest.o
configure:4758: $? = 0
configure:4769: result: yes
configure:4723: checking for stdint.h
configure:4739: gcc -c -g -O2  conftest.c >&5
configure:4745: $? = 0
configure:4749: test -z 
			 || test ! -s conftest.err
configure:4752: $? = 0
configure:4755: test -s conftest.o
configure:4758: $? = 0
configure:4769: result: yes
configure:4723: checking for unistd.h
configure:4739: gcc -c -g -O2  conftest.c >&5
configure:4745: $? = 0
configure:4749: test -z 
			 || test ! -s conftest.err
configure:4752: $? = 0
configure:4755: test -s conftest.o
configure:4758: $? = 0
configure:4769: result: yes
configure:4799: checking libintl.h usability
configure:4811: gcc -c -g -O2  conftest.c >&5
configure:4817: $? = 0
configure:4821: test -z 
			 || test ! -s conftest.err
configure:4824: $? = 0
configure:4827: test -s conftest.o
configure:4830: $? = 0
configure:4840: result: yes
configure:4844: checking libintl.h presence
configure:4854: gcc -E  conftest.c
configure:4860: $? = 0
configure:4880: result: yes
configure:4915: checking for libintl.h
configure:4922: result: yes
configure:4790: checking for stdlib.h
configure:4795: result: yes
configure:4790: checking for string.h
configure:4795: result: yes
configure:4790: checking for strings.h
configure:4795: result: yes
configure:4790: checking for unistd.h
configure:4795: result: yes
configure:4937: checking for stdbool.h that conforms to C99
configure:4990: gcc -c -g -O2  conftest.c >&5
configure:4996: $? = 0
configure:5000: test -z 
			 || test ! -s conftest.err
configure:5003: $? = 0
configure:5006: test -s conftest.o
configure:5009: $? = 0
configure:5020: result: yes
configure:5022: checking for _Bool
configure:5046: gcc -c -g -O2  conftest.c >&5
configure:5052: $? = 0
configure:5056: test -z 
			 || test ! -s conftest.err
configure:5059: $? = 0
configure:5062: test -s conftest.o
configure:5065: $? = 0
configure:5076: result: yes
configure:5095: checking for an ANSI C-conforming const
configure:5162: gcc -c -g -O2  conftest.c >&5
configure:5168: $? = 0
configure:5172: test -z 
			 || test ! -s conftest.err
configure:5175: $? = 0
configure:5178: test -s conftest.o
configure:5181: $? = 0
configure:5192: result: yes
configure:5202: checking for inline
configure:5223: gcc -c -g -O2  conftest.c >&5
configure:5229: $? = 0
configure:5233: test -z 
			 || test ! -s conftest.err
configure:5236: $? = 0
configure:5239: test -s conftest.o
configure:5242: $? = 0
configure:5254: result: inline
configure:5273: checking for size_t
configure:5297: gcc -c -g -O2  conftest.c >&5
configure:5303: $? = 0
configure:5307: test -z 
			 || test ! -s conftest.err
configure:5310: $? = 0
configure:5313: test -s conftest.o
configure:5316: $? = 0
configure:5327: result: yes
configure:5339: checking whether struct tm is in sys/time.h or time.h
configure:5362: gcc -c -g -O2  conftest.c >&5
configure:5368: $? = 0
configure:5372: test -z 
			 || test ! -s conftest.err
configure:5375: $? = 0
configure:5378: test -s conftest.o
configure:5381: $? = 0
configure:5392: result: time.h
configure:5404: checking whether closedir returns void
configure:5433: gcc -o conftest -g -O2   conftest.c -lz -lpotrace -lm -lfreetype -lkpathsea  >&5
configure:5436: $? = 0
configure:5438: ./conftest
configure:5441: $? = 0
configure:5455: result: no
configure:5465: checking for error_at_line
configure:5486: gcc -o conftest -g -O2   conftest.c -lz -lpotrace -lm -lfreetype -lkpathsea  >&5
configure:5492: $? = 0
configure:5496: test -z 
			 || test ! -s conftest.err
configure:5499: $? = 0
configure:5502: test -s conftest
configure:5505: $? = 0
configure:5517: result: yes
configure:5535: checking for stdlib.h
configure:5540: result: yes
configure:5680: checking for GNU libc compatible malloc
configure:5709: gcc -o conftest -g -O2   conftest.c -lz -lpotrace -lm -lfreetype -lkpathsea  >&5
configure:5712: $? = 0
configure:5714: ./conftest
configure:5717: $? = 0
configure:5731: result: yes
configure:5761: checking whether lstat dereferences a symlink specified with a trailing slash
configure:5792: gcc -o conftest -g -O2   conftest.c -lz -lpotrace -lm -lfreetype -lkpathsea  >&5
configure:5795: $? = 0
configure:5797: ./conftest
configure:5800: $? = 0
configure:5821: result: yes
configure:5842: checking whether stat accepts an empty string
configure:5867: gcc -o conftest -g -O2   conftest.c -lz -lpotrace -lm -lfreetype -lkpathsea  >&5
configure:5870: $? = 0
configure:5872: ./conftest
configure:5875: $? = 1
configure: program exited with status 1
configure: failed program was:
| /* confdefs.h.  */
| 
| #define PACKAGE_NAME "dvisvgm"
| #define PACKAGE_TARNAME "dvisvgm"
| #define PACKAGE_VERSION "0.4.2"
| #define PACKAGE_STRING "dvisvgm 0.4.2"
| #define PACKAGE_BUGREPORT "martin.gieseking@uos.de"
| #define PACKAGE "dvisvgm"
| #define VERSION "0.4.2"
| #ifdef __cplusplus
| extern "C" void std::exit (int) throw (); using std::exit;
| #endif
| #define HAVE_LIBKPATHSEA 1
| #define HAVE_LIBFREETYPE 1
| #define HAVE_LIBM 1
| #define HAVE_LIBPOTRACE 1
| #define HAVE_LIBZ 1
| #define HAVE_DIRENT_H 1
| #define STDC_HEADERS 1
| #define HAVE_SYS_TYPES_H 1
| #define HAVE_SYS_STAT_H 1
| #define HAVE_STDLIB_H 1
| #define HAVE_STRING_H 1
| #define HAVE_MEMORY_H 1
| #define HAVE_STRINGS_H 1
| #define HAVE_INTTYPES_H 1
| #define HAVE_STDINT_H 1
| #define HAVE_UNISTD_H 1
| #define HAVE_LIBINTL_H 1
| #define HAVE_STDLIB_H 1
| #define HAVE_STRING_H 1
| #define HAVE_STRINGS_H 1
| #define HAVE_UNISTD_H 1
| #define HAVE__BOOL 1
| #define HAVE_STDBOOL_H 1
| #define HAVE_STDLIB_H 1
| #define HAVE_MALLOC 1
| #define LSTAT_FOLLOWS_SLASHED_SYMLINK 1
| /* end confdefs.h.  */
| #include <stdio.h>
| #if HAVE_SYS_TYPES_H
| # include <sys/types.h>
| #endif
| #if HAVE_SYS_STAT_H
| # include <sys/stat.h>
| #endif
| #if STDC_HEADERS
| # include <stdlib.h>
| # include <stddef.h>
| #else
| # if HAVE_STDLIB_H
| #  include <stdlib.h>
| # endif
| #endif
| #if HAVE_STRING_H
| # if !STDC_HEADERS && HAVE_MEMORY_H
| #  include <memory.h>
| # endif
| # include <string.h>
| #endif
| #if HAVE_STRINGS_H
| # include <strings.h>
| #endif
| #if HAVE_INTTYPES_H
| # include <inttypes.h>
| #else
| # if HAVE_STDINT_H
| #  include <stdint.h>
| # endif
| #endif
| #if HAVE_UNISTD_H
| # include <unistd.h>
| #endif
| int
| main ()
| {
| struct stat sbuf;
|   exit (stat ("", &sbuf) ? 1 : 0);
|   ;
|   return 0;
| }
configure:5889: result: no
configure:5911: checking for vprintf
configure:5968: gcc -o conftest -g -O2   conftest.c -lz -lpotrace -lm -lfreetype -lkpathsea  >&5
conftest.c:64: warning: conflicting types for built-in function 'vprintf'
configure:5974: $? = 0
configure:5978: test -z 
			 || test ! -s conftest.err
configure:5981: $? = 0
configure:5984: test -s conftest
configure:5987: $? = 0
configure:5999: result: yes
configure:6006: checking for _doprnt
configure:6063: gcc -o conftest -g -O2   conftest.c -lz -lpotrace -lm -lfreetype -lkpathsea  >&5
/tmp/cc0xEbAo.o(.text+0x14): In function `main':
/home/mgieseki/develop/cpp/dvi2/conftest.c:80: undefined reference to `_doprnt'
/tmp/cc0xEbAo.o(.data+0x0): undefined reference to `_doprnt'
collect2: ld returned 1 exit status
configure:6069: $? = 1
configure: failed program was:
| /* confdefs.h.  */
| 
| #define PACKAGE_NAME "dvisvgm"
| #define PACKAGE_TARNAME "dvisvgm"
| #define PACKAGE_VERSION "0.4.2"
| #define PACKAGE_STRING "dvisvgm 0.4.2"
| #define PACKAGE_BUGREPORT "martin.gieseking@uos.de"
| #define PACKAGE "dvisvgm"
| #define VERSION "0.4.2"
| #ifdef __cplusplus
| extern "C" void std::exit (int) throw (); using std::exit;
| #endif
| #define HAVE_LIBKPATHSEA 1
| #define HAVE_LIBFREETYPE 1
| #define HAVE_LIBM 1
| #define HAVE_LIBPOTRACE 1
| #define HAVE_LIBZ 1
| #define HAVE_DIRENT_H 1
| #define STDC_HEADERS 1
| #define HAVE_SYS_TYPES_H 1
| #define HAVE_SYS_STAT_H 1
| #define HAVE_STDLIB_H 1
| #define HAVE_STRING_H 1
| #define HAVE_MEMORY_H 1
| #define HAVE_STRINGS_H 1
| #define HAVE_INTTYPES_H 1
| #define HAVE_STDINT_H 1
| #define HAVE_UNISTD_H 1
| #define HAVE_LIBINTL_H 1
| #define HAVE_STDLIB_H 1
| #define HAVE_STRING_H 1
| #define HAVE_STRINGS_H 1
| #define HAVE_UNISTD_H 1
| #define HAVE__BOOL 1
| #define HAVE_STDBOOL_H 1
| #define HAVE_STDLIB_H 1
| #define HAVE_MALLOC 1
| #define LSTAT_FOLLOWS_SLASHED_SYMLINK 1
| #define HAVE_VPRINTF 1
| /* end confdefs.h.  */
| /* Define _doprnt to an innocuous variant, in case <limits.h> declares _doprnt.
|    For example, HP-UX 11i <limits.h> declares gettimeofday.  */
| #define _doprnt innocuous__doprnt
| 
| /* System header to define __stub macros and hopefully few prototypes,
|     which can conflict with char _doprnt (); below.
|     Prefer <limits.h> to <assert.h> if __STDC__ is defined, since
|     <limits.h> exists even on freestanding compilers.  */
| 
| #ifdef __STDC__
| # include <limits.h>
| #else
| # include <assert.h>
| #endif
| 
| #undef _doprnt
| 
| /* Override any gcc2 internal prototype to avoid an error.  */
| #ifdef __cplusplus
| extern "C"
| {
| #endif
| /* We use char because int might match the return type of a gcc2
|    builtin and then its argument prototype would still apply.  */
| char _doprnt ();
| /* The GNU C library defines this for functions which it implements
|     to always fail with ENOSYS.  Some functions are actually named
|     something starting with __ and the normal name is an alias.  */
| #if defined (__stub__doprnt) || defined (__stub____doprnt)
| choke me
| #else
| char (*f) () = _doprnt;
| #endif
| #ifdef __cplusplus
| }
| #endif
| 
| int
| main ()
| {
| return f != _doprnt;
|   ;
|   return 0;
| }
configure:6094: result: no
configure:6114: checking for memset
configure:6171: gcc -o conftest -g -O2   conftest.c -lz -lpotrace -lm -lfreetype -lkpathsea  >&5
conftest.c:65: warning: conflicting types for built-in function 'memset'
configure:6177: $? = 0
configure:6181: test -z 
			 || test ! -s conftest.err
configure:6184: $? = 0
configure:6187: test -s conftest
configure:6190: $? = 0
configure:6202: result: yes
configure:6114: checking for strcasecmp
configure:6171: gcc -o conftest -g -O2   conftest.c -lz -lpotrace -lm -lfreetype -lkpathsea  >&5
configure:6177: $? = 0
configure:6181: test -z 
			 || test ! -s conftest.err
configure:6184: $? = 0
configure:6187: test -s conftest
configure:6190: $? = 0
configure:6202: result: yes
configure:6114: checking for strtol
configure:6171: gcc -o conftest -g -O2   conftest.c -lz -lpotrace -lm -lfreetype -lkpathsea  >&5
configure:6177: $? = 0
configure:6181: test -z 
			 || test ! -s conftest.err
configure:6184: $? = 0
configure:6187: test -s conftest
configure:6190: $? = 0
configure:6202: result: yes
configure:6293: checking for freetype-config
configure:6311: found /usr/bin/freetype-config
configure:6323: result: /usr/bin/freetype-config
configure:6473: creating ./config.status

## ---------------------- ##
## Running config.status. ##
## ---------------------- ##

This file was extended by dvisvgm config.status 0.4.2, which was
generated by GNU Autoconf 2.59.  Invocation command line was

  CONFIG_FILES    = 
  CONFIG_HEADERS  = 
  CONFIG_LINKS    = 
  CONFIG_COMMANDS = 
  $ ./config.status 

on rhum

config.status:711: creating Makefile
config.status:711: creating src/Makefile
config.status:711: creating doc/dvisvgm.1
config.status:711: creating doc/Makefile
config.status:815: creating config.h
config.status:961: config.h is unchanged
config.status:1141: executing depfiles commands

## ---------------- ##
## Cache variables. ##
## ---------------- ##

ac_cv_build=i686-pc-linux-gnu
ac_cv_build_alias=i686-pc-linux-gnu
ac_cv_c_compiler_gnu=yes
ac_cv_c_const=yes
ac_cv_c_inline=inline
ac_cv_cxx_compiler_gnu=yes
ac_cv_env_CC_set=
ac_cv_env_CC_value=
ac_cv_env_CFLAGS_set=
ac_cv_env_CFLAGS_value=
ac_cv_env_CPPFLAGS_set=
ac_cv_env_CPPFLAGS_value=
ac_cv_env_CPP_set=
ac_cv_env_CPP_value=
ac_cv_env_CXXFLAGS_set=
ac_cv_env_CXXFLAGS_value=
ac_cv_env_CXX_set=
ac_cv_env_CXX_value=
ac_cv_env_LDFLAGS_set=
ac_cv_env_LDFLAGS_value=
ac_cv_env_build_alias_set=
ac_cv_env_build_alias_value=
ac_cv_env_host_alias_set=
ac_cv_env_host_alias_value=
ac_cv_env_target_alias_set=
ac_cv_env_target_alias_value=
ac_cv_exeext=
ac_cv_func__doprnt=no
ac_cv_func_closedir_void=no
ac_cv_func_getopt_long=yes
ac_cv_func_lstat_dereferences_slashed_symlink=yes
ac_cv_func_malloc_0_nonnull=yes
ac_cv_func_memset=yes
ac_cv_func_stat_empty_string_bug=no
ac_cv_func_strcasecmp=yes
ac_cv_func_strtol=yes
ac_cv_func_vprintf=yes
ac_cv_header_dirent_dirent_h=yes
ac_cv_header_inttypes_h=yes
ac_cv_header_libintl_h=yes
ac_cv_header_memory_h=yes
ac_cv_header_stdbool_h=yes
ac_cv_header_stdc=yes
ac_cv_header_stdint_h=yes
ac_cv_header_stdlib_h=yes
ac_cv_header_string_h=yes
ac_cv_header_strings_h=yes
ac_cv_header_sys_stat_h=yes
ac_cv_header_sys_types_h=yes
ac_cv_header_unistd_h=yes
ac_cv_host=i686-pc-linux-gnu
ac_cv_host_alias=i686-pc-linux-gnu
ac_cv_lib_error_at_line=yes
ac_cv_lib_freetype_FT_Init_FreeType=yes
ac_cv_lib_kpathsea_kpse_find_file=yes
ac_cv_lib_m_sqrt=yes
ac_cv_lib_potrace_potrace_trace=yes
ac_cv_lib_z_gzopen=yes
ac_cv_objext=o
ac_cv_path_FREETYPE_CONFIG=/usr/bin/freetype-config
ac_cv_path_install='/usr/bin/install -c'
ac_cv_prog_AWK=gawk
ac_cv_prog_CPP='gcc -E'
ac_cv_prog_ac_ct_CC=gcc
ac_cv_prog_ac_ct_CXX=g++
ac_cv_prog_ac_ct_RANLIB=ranlib
ac_cv_prog_cc_g=yes
ac_cv_prog_cc_stdc=
ac_cv_prog_cxx_g=yes
ac_cv_prog_egrep='grep -E'
ac_cv_prog_make_make_set=yes
ac_cv_search_opendir='none required'
ac_cv_struct_tm=time.h
ac_cv_type__Bool=yes
ac_cv_type_size_t=yes
am_cv_CC_dependencies_compiler_type=gcc3
am_cv_CXX_dependencies_compiler_type=gcc3

## ----------------- ##
## Output variables. ##
## ----------------- ##

ACLOCAL='${SHELL} /home/mgieseki/develop/cpp/dvi2/missing --run aclocal-1.9'
AMDEPBACKSLASH='\'
AMDEP_FALSE='#'
AMDEP_TRUE=''
AMTAR='${SHELL} /home/mgieseki/develop/cpp/dvi2/missing --run tar'
AUTOCONF='${SHELL} /home/mgieseki/develop/cpp/dvi2/missing --run autoconf'
AUTOHEADER='${SHELL} /home/mgieseki/develop/cpp/dvi2/missing --run autoheader'
AUTOMAKE='${SHELL} /home/mgieseki/develop/cpp/dvi2/missing --run automake-1.9'
AWK='gawk'
CC='gcc'
CCDEPMODE='depmode=gcc3'
CFLAGS='-g -O2'
CPP='gcc -E'
CPPFLAGS='-I/usr/include/freetype2'
CXX='g++'
CXXDEPMODE='depmode=gcc3'
CXXFLAGS='-g -O2'
CYGPATH_W='echo'
DATE='September 2005'
DEFS='-DHAVE_CONFIG_H'
DEPDIR='.deps'
ECHO_C=''
ECHO_N='-n'
ECHO_T=''
EGREP='grep -E'
EXEEXT=''
EXTRA_LIBS=''
FREETYPE_CONFIG='/usr/bin/freetype-config'
INSTALL_DATA='${INSTALL} -m 644'
INSTALL_PROGRAM='${INSTALL}'
INSTALL_SCRIPT='${INSTALL}'
INSTALL_STRIP_PROGRAM='${SHELL} $(install_sh) -c -s'
LDFLAGS=''
LIBOBJS=''
LIBS='-lz -lpotrace -lm -lfreetype -lkpathsea '
LTLIBOBJS=''
MAKEINFO='${SHELL} /home/mgieseki/develop/cpp/dvi2/missing --run makeinfo'
OBJEXT='o'
PACKAGE='dvisvgm'
PACKAGE_BUGREPORT='martin.gieseking@uos.de'
PACKAGE_NAME='dvisvgm'
PACKAGE_STRING='dvisvgm 0.4.2'
PACKAGE_TARNAME='dvisvgm'
PACKAGE_VERSION='0.4.2'
PATH_SEPARATOR=':'
RANLIB='ranlib'
SET_MAKE=''
SHELL='/bin/sh'
STRIP=''
VERSION='0.4.2'
ac_ct_CC='gcc'
ac_ct_CXX='g++'
ac_ct_RANLIB='ranlib'
ac_ct_STRIP=''
am__fastdepCC_FALSE='#'
am__fastdepCC_TRUE=''
am__fastdepCXX_FALSE='#'
am__fastdepCXX_TRUE=''
am__include='include'
am__leading_dot='.'
am__quote=''
am__tar='${AMTAR} chof - "$$tardir"'
am__untar='${AMTAR} xf -'
bindir='${exec_prefix}/bin'
build='i686-pc-linux-gnu'
build_alias=''
build_cpu='i686'
build_os='linux-gnu'
build_vendor='pc'
datadir='${prefix}/share'
exec_prefix='${prefix}'
host='i686-pc-linux-gnu'
host_alias=''
host_cpu='i686'
host_os='linux-gnu'
host_vendor='pc'
includedir='${prefix}/include'
infodir='${prefix}/info'
install_sh='/home/mgieseki/develop/cpp/dvi2/install-sh'
libdir='${exec_prefix}/lib'
libexecdir='${exec_prefix}/libexec'
localstatedir='${prefix}/var'
mandir='${prefix}/man'
mkdir_p='mkdir -p --'
oldincludedir='/usr/include'
prefix='/usr/local'
program_transform_name='s,x,x,'
sbindir='${exec_prefix}/sbin'
sharedstatedir='${prefix}/com'
sysconfdir='${prefix}/etc'
target_alias=''

## ----------- ##
## confdefs.h. ##
## ----------- ##

#define HAVE_DIRENT_H 1
#define HAVE_INTTYPES_H 1
#define HAVE_LIBFREETYPE 1
#define HAVE_LIBINTL_H 1
#define HAVE_LIBKPATHSEA 1
#define HAVE_LIBM 1
#define HAVE_LIBPOTRACE 1
#define HAVE_LIBZ 1
#define HAVE_MALLOC 1
#define HAVE_MEMORY_H 1
#define HAVE_MEMSET 1
#define HAVE_STDBOOL_H 1
#define HAVE_STDINT_H 1
#define HAVE_STDLIB_H 1
#define HAVE_STDLIB_H 1
#define HAVE_STDLIB_H 1
#define HAVE_STRCASECMP 1
#define HAVE_STRINGS_H 1
#define HAVE_STRINGS_H 1
#define HAVE_STRING_H 1
#define HAVE_STRING_H 1
#define HAVE_STRTOL 1
#define HAVE_SYS_STAT_H 1
#define HAVE_SYS_TYPES_H 1
#define HAVE_UNISTD_H 1
#define HAVE_UNISTD_H 1
#define HAVE_VPRINTF 1
#define HAVE__BOOL 1
#define LSTAT_FOLLOWS_SLASHED_SYMLINK 1
#define PACKAGE "dvisvgm"
#define PACKAGE_BUGREPORT "martin.gieseking@uos.de"
#define PACKAGE_NAME "dvisvgm"
#define PACKAGE_STRING "dvisvgm 0.4.2"
#define PACKAGE_TARNAME "dvisvgm"
#define PACKAGE_VERSION "0.4.2"
#define STDC_HEADERS 1
#define VERSION "0.4.2"
#endif
#ifdef __cplusplus
extern "C" void std::exit (int) throw (); using std::exit;

configure: exit 0
